<?xml version="1.0" encoding="UTF-8"?>
<!-- Generated by org.testng.reporters.JUnitReportReporter -->
<testsuite hostname="CHETUIWK2253" failures="0" tests="3" name="org.example.test.cases.Staff.StaffTestCase" time="7.792" errors="0" timestamp="2024-06-05T16:23:21 IST" skipped="0">
  <testcase classname="org.example.test.cases.Staff.StaffTestCase" name="staffViewTestCase" time="3.272"/>
  <testcase classname="org.example.test.cases.Staff.StaffTestCase" name="staffEditTestCase" time="3.225"/>
  <testcase classname="org.example.test.cases.Staff.StaffTestCase" name="staffDeleteTestCase" time="1.295"/>
</testsuite> <!-- org.example.test.cases.Staff.StaffTestCase -->
