<?xml version="1.0" encoding="UTF-8"?>
<!-- Generated by org.testng.reporters.JUnitReportReporter -->
<testsuite hostname="CHETUIWK2253" failures="0" tests="1" name="org.example.test.cases.Login.LoginTestCase" time="0.550" errors="0" timestamp="2024-06-05T16:23:21 IST" skipped="0">
  <testcase classname="org.example.test.cases.Login.LoginTestCase" name="loginTestCase" time="0.550"/>
</testsuite> <!-- org.example.test.cases.Login.LoginTestCase -->
